warning: parser/current is loading parser/ruby30, which recognizes3.0.3-compliant syntax, but you are running 3.0.2.
Please see https://github.com/whitequark/parser#compatibility-with-ruby-mri.
/home/ewo/forem/vendor/bundle/ruby/3.0.0/gems/bootsnap-1.9.3/lib/bootsnap/load_path_cache/cache.rb:107:in `start_with?': Interrupt
	from /home/ewo/forem/vendor/bundle/ruby/3.0.0/gems/bootsnap-1.9.3/lib/bootsnap/load_path_cache/cache.rb:107:in `absolute_path?'
	from /home/ewo/forem/vendor/bundle/ruby/3.0.0/gems/bootsnap-1.9.3/lib/bootsnap/load_path_cache/cache.rb:51:in `find'
	from /home/ewo/forem/vendor/bundle/ruby/3.0.0/gems/bootsnap-1.9.3/lib/bootsnap/load_path_cache/core_ext/kernel_require.rb:30:in `require'
	from /home/ewo/forem/vendor/bundle/ruby/3.0.0/gems/zeitwerk-2.5.3/lib/zeitwerk/kernel.rb:35:in `require'
	from /home/ewo/forem/vendor/bundle/ruby/3.0.0/gems/activesupport-6.1.4.4/lib/active_support/dependencies.rb:332:in `block in require'
	from /home/ewo/forem/vendor/bundle/ruby/3.0.0/gems/activesupport-6.1.4.4/lib/active_support/dependencies.rb:299:in `load_dependency'
	from /home/ewo/forem/vendor/bundle/ruby/3.0.0/gems/activesupport-6.1.4.4/lib/active_support/dependencies.rb:332:in `require'
	from /home/ewo/forem/vendor/bundle/ruby/3.0.0/gems/pry-0.14.1/lib/pry.rb:129:in `<main>'
	from /home/ewo/forem/vendor/bundle/ruby/3.0.0/gems/bootsnap-1.9.3/lib/bootsnap/load_path_cache/core_ext/kernel_require.rb:23:in `require'
	from /home/ewo/forem/vendor/bundle/ruby/3.0.0/gems/bootsnap-1.9.3/lib/bootsnap/load_path_cache/core_ext/kernel_require.rb:23:in `block in require_with_bootsnap_lfi'
	from /home/ewo/forem/vendor/bundle/ruby/3.0.0/gems/bootsnap-1.9.3/lib/bootsnap/load_path_cache/loaded_features_index.rb:100:in `register'
	from /home/ewo/forem/vendor/bundle/ruby/3.0.0/gems/bootsnap-1.9.3/lib/bootsnap/load_path_cache/core_ext/kernel_require.rb:22:in `require_with_bootsnap_lfi'
	from /home/ewo/forem/vendor/bundle/ruby/3.0.0/gems/bootsnap-1.9.3/lib/bootsnap/load_path_cache/core_ext/kernel_require.rb:31:in `require'
	from /home/ewo/forem/vendor/bundle/ruby/3.0.0/gems/zeitwerk-2.5.3/lib/zeitwerk/kernel.rb:35:in `require'
	from /usr/local/rvm/rubies/ruby-3.0.2/lib/ruby/site_ruby/3.0.0/bundler/runtime.rb:60:in `block (2 levels) in require'
	from /usr/local/rvm/rubies/ruby-3.0.2/lib/ruby/site_ruby/3.0.0/bundler/runtime.rb:55:in `each'
	from /usr/local/rvm/rubies/ruby-3.0.2/lib/ruby/site_ruby/3.0.0/bundler/runtime.rb:55:in `block in require'
	from /usr/local/rvm/rubies/ruby-3.0.2/lib/ruby/site_ruby/3.0.0/bundler/runtime.rb:44:in `each'
	from /usr/local/rvm/rubies/ruby-3.0.2/lib/ruby/site_ruby/3.0.0/bundler/runtime.rb:44:in `require'
	from /usr/local/rvm/rubies/ruby-3.0.2/lib/ruby/site_ruby/3.0.0/bundler.rb:174:in `require'
	from /home/ewo/forem/config/application.rb:20:in `<top (required)>'
	from /home/ewo/forem/config/environment.rb:2:in `require_relative'
	from /home/ewo/forem/config/environment.rb:2:in `<top (required)>'
	from /home/ewo/forem/vendor/bundle/ruby/3.0.0/gems/activesupport-6.1.4.4/lib/active_support/dependencies.rb:332:in `require'
	from /home/ewo/forem/vendor/bundle/ruby/3.0.0/gems/activesupport-6.1.4.4/lib/active_support/dependencies.rb:332:in `block in require'
	from /home/ewo/forem/vendor/bundle/ruby/3.0.0/gems/activesupport-6.1.4.4/lib/active_support/dependencies.rb:299:in `load_dependency'
	from /home/ewo/forem/vendor/bundle/ruby/3.0.0/gems/activesupport-6.1.4.4/lib/active_support/dependencies.rb:332:in `require'
	from /home/ewo/forem/vendor/bundle/ruby/3.0.0/gems/sidekiq-6.3.1/lib/sidekiq/cli.rb:273:in `boot_application'
	from /home/ewo/forem/vendor/bundle/ruby/3.0.0/gems/sidekiq-6.3.1/lib/sidekiq/cli.rb:37:in `run'
	from /home/ewo/forem/vendor/bundle/ruby/3.0.0/gems/sidekiq-6.3.1/bin/sidekiq:31:in `<top (required)>'
	from /home/ewo/forem/vendor/bundle/ruby/3.0.0/bin/sidekiq:25:in `load'
	from /home/ewo/forem/vendor/bundle/ruby/3.0.0/bin/sidekiq:25:in `<top (required)>'
	from /usr/local/rvm/rubies/ruby-3.0.2/lib/ruby/site_ruby/3.0.0/bundler/cli/exec.rb:58:in `load'
	from /usr/local/rvm/rubies/ruby-3.0.2/lib/ruby/site_ruby/3.0.0/bundler/cli/exec.rb:58:in `kernel_load'
	from /usr/local/rvm/rubies/ruby-3.0.2/lib/ruby/site_ruby/3.0.0/bundler/cli/exec.rb:23:in `run'
	from /usr/local/rvm/rubies/ruby-3.0.2/lib/ruby/site_ruby/3.0.0/bundler/cli.rb:478:in `exec'
	from /usr/local/rvm/rubies/ruby-3.0.2/lib/ruby/site_ruby/3.0.0/bundler/vendor/thor/lib/thor/command.rb:27:in `run'
	from /usr/local/rvm/rubies/ruby-3.0.2/lib/ruby/site_ruby/3.0.0/bundler/vendor/thor/lib/thor/invocation.rb:127:in `invoke_command'
	from /usr/local/rvm/rubies/ruby-3.0.2/lib/ruby/site_ruby/3.0.0/bundler/vendor/thor/lib/thor.rb:392:in `dispatch'
	from /usr/local/rvm/rubies/ruby-3.0.2/lib/ruby/site_ruby/3.0.0/bundler/cli.rb:31:in `dispatch'
	from /usr/local/rvm/rubies/ruby-3.0.2/lib/ruby/site_ruby/3.0.0/bundler/vendor/thor/lib/thor/base.rb:485:in `start'
	from /usr/local/rvm/rubies/ruby-3.0.2/lib/ruby/site_ruby/3.0.0/bundler/cli.rb:25:in `start'
	from /usr/local/rvm/rubies/ruby-3.0.2/lib/ruby/gems/3.0.0/gems/bundler-2.2.29/exe/bundle:49:in `block in <top (required)>'
	from /usr/local/rvm/rubies/ruby-3.0.2/lib/ruby/site_ruby/3.0.0/bundler/friendly_errors.rb:128:in `with_friendly_errors'
	from /usr/local/rvm/rubies/ruby-3.0.2/lib/ruby/gems/3.0.0/gems/bundler-2.2.29/exe/bundle:37:in `<top (required)>'
	from /usr/local/bin/bundle:23:in `load'
	from /usr/local/bin/bundle:23:in `<main>'
